#-----------------------------------------------------------
# Vivado v2018.3 (64-bit)
# SW Build 2405991 on Thu Dec  6 23:38:27 MST 2018
# IP Build 2404404 on Fri Dec  7 01:43:56 MST 2018
# Start of session at: Fri Oct  2 15:49:19 2020
# Process ID: 8056
# Current directory: Z:/Desktop/EECE2323/lab2/lab2proj
# Command line: vivado.exe -gui_launcher_event rodinguilauncherevent8084 Z:\Desktop\EECE2323\lab2\lab2proj\lab2proj.xpr
# Log file: Z:/Desktop/EECE2323/lab2/lab2proj/vivado.log
# Journal file: Z:/Desktop/EECE2323/lab2/lab2proj\vivado.jou
#-----------------------------------------------------------
start_gui
open_project Z:/Desktop/EECE2323/lab2/lab2proj/lab2proj.xpr
Scanning sources...
Finished scanning sources
INFO: [IP_Flow 19-234] Refreshing IP repositories
INFO: [IP_Flow 19-1704] No user IP repositories specified
INFO: [IP_Flow 19-2313] Loaded Vivado IP repository 'C:/Xilinx/Vivado/2018.INFO: [IP_Flopen_project: Time (s): cpu = 00:00:13 ; elapsed = 00:00:11 . Memory (MB): open_project: Time (s): cpu = 00update_compile_order -fileset sources_1
close [ open Z:/Desktop/EECE2323/lab2/lab2proj/lab2proj.srcs/sources_1/new/palu_top.v w ]
add_files Z:/Desktop/EECE2323/lab2/lab2proj/lab2proj.srcs/sources_1/new/palu_top.v
update_compile_order -fileset sources_1
update_compile_order -fileset sources_1
file mkdir Z:/Desktop/EECE2323/lab2/lab2proj/lab2proj.srcs/constrs_1
file mkdir Z:/Desktop/EECE2323/lab2/lab2proj/lab2proj.srcs/constrs_1/new
close [ open Z:/Desktop/EECE2323/lab2/lab2proj/lab2proj.srcs/constrs_1/new/eightbit_palu.xdc w ]
add_files -fileset constrs_1 Z:/Desktop/EECE2323/lab2/lab2proj/lab2proj.srcs/constrs_1/new/eightbit_palu.xdc
launch_runs impl_1 -to_step write_bitstream -jobs 2
[Fri Oct  2 16:15:37 2020] Launched synth_1...
Run output will be captured here: Z:/Desktop/EECE2323/lab2/lab2proj/lab2proj.runs/synth_1/runme.log
[Fri Oct  2 16:15:37 2020] Launched impl_1...
Run output will be captured here: Z:/Desktop/EECE2323/lab2/lab2proj/lab2proj.runs/impl_1/runme.log
open_hw
connect_hw_server
INFO: [Labtools 27-2285] Connecting to hw_server url TCP:localhost:3121
INFO: [Labtools 27-2222] Launching hw_server...
INFO: [Labtools 27-2221] Launch Output:

****** Xilinx hw_server v2018.3
  **** Build date : Dec  7 2018-00:40:27
    ** Copyright 1986-2018 Xilinx, Inc. All Rights Reserved.


connect_hw_server: Time (s): cpu = 00:00:01 ; elapsed = 00:00:16 . Memory (MB): peak = 797.613 ; gain = 0.000
open_hw_target
INFO: [Labtoolstcl 44-466] Opening hw_target localhost:3121/xilinx_tcf/Xilinx/1234-tulA
open_hw_target: Time (s): cpu = 00:00:05 ; elapsed = 00:00:08 . Memory (MB): peak = 1713.809 ; gain = 916.195
set_property PROGRAM.FILE {Z:/Desktop/EECE2323/lab2/lab2proj/lab2proj.runs/impl_1/palu_top.bit} [get_hw_devices xc7z020_1]
current_hw_device [get_hw_devices xc7z020_1]
refresh_hw_device -update_hw_probes false [lindex [get_hw_devices xc7z020_1] 0]
INFO: [Labtools 27-1434] Device xc7z020 (JTAG device index = 1) is programmed with a design that has no supported debug core(s) in it.
set_property PROBES.FILE {} [get_hw_devices xc7z020_1]
set_property FULL_PROBES.FILE {} [get_hw_devices xc7z020_1]
set_property PROGRAM.FILE {Z:/Desktop/EECE2323/lab2/lab2proj/lab2proj.runs/impl_1/palu_top.bit} [get_hw_devices xc7z020_1]
program_hw_devices [get_hw_devices xc7z020_1]
INFO: [Labtools 27-3164] End of startup status: HIGH
program_hw_devices: Time (s): cpu = 00:00:10 ; elapsed = 00:00:14 . Memory (MB): peak = 1744.434 ; gain = 0.000
refresh_hw_device [lindex [get_hw_devices xc7z020_1] 0]
INFO: [Labtools 27-1434] Device xc7z020 (JTAG device index = 1) is programmed with a design that has no supported debug core(s) in it.
ERROR: [Labtoolstcl 44-513] HW Target shutdown. Closing target: localhost:3121/xilinx_tcf/Xilinx/1234-tulA
exit
INFO: [Common 17-206] Exiting Vivado at Fri Oct  2 16:38:41 2020...
