
*** Running vivado
    with args -log alu_regfile_vio_top.vdi -applog -m64 -product Vivado -messageDb vivado.pb -mode batch -source alu_regfile_vio_top.tcl -notrace


****** Vivado v2018.3 (64-bit)
  **** SW Build 2405991 on Thu Dec  6 23:38:27 MST 2018
  **** IP Build 2404404 on Fri Dec  7 01:43:56 MST 2018
    ** Copyright 1986-2018 Xilinx, Inc. All Rights Reserved.

source alu_regfile_vio_top.tcl -notrace
Command: link_design -top alu_regfile_vio_top -part xc7z020clg400-1
Design is defaulting to srcset: sources_1
Design is defaulting to constrset: constrs_1
INFO: [Project 1-454] Reading design checkpoint 'z:/Desktop/EECE2323/lab4proj/lab4proj.srcs/sources_1/ip/vio_0/vio_0.dcp' for cell 'vio'
INFO: [Netlist 29-17] Analyzing 10 Unisim elements for replacement
INFO: [Netlist 29-28] Unisim Transformation completed in 0 CPU seconds
INFO: [Project 1-479] Netlist was created with Vivado 2018.3
INFO: [Device 21-403] Loading part xc7z020clg400-1
INFO: [Project 1-570] Preparing netlist for logic optimization
INFO: [Chipscope 16-324] Core: vio UUID: 1be27d51-1a4c-50dc-974f-3e22d2c609b9 
Parsing XDC File [z:/Desktop/EECE2323/lab4proj/lab4proj.srcs/sources_1/ip/vio_0/vio_0.xdc] for cell 'vio'
Finished Parsing XDC File [z:/Desktop/EECE2323/lab4proj/lab4proj.srcs/sources_1/ip/vio_0/vio_0.xdc] for cell 'vio'
Parsing XDC File [Z:/Desktop/EECE2323/lab4proj/lab4proj.srcs/constrs_1/new/eightbit_alu_regfile.xdc]
Finished Parsing XDC File [Z:/Desktop/EECE2323/lab4proj/lab4proj.srcs/constrs_1/new/eightbit_alu_regfile.xdc]
INFO: [Opt 31-138] Pushed 0 inverter(s) to 0 load pin(s).
Netlist sorting complete. Time (s): cpu = 00:00:00 ; elapsed = 00:00:00 . Memory (MB): peak = 728.707 ; gain = 0.000
INFO: [Project 1-111] Unisim Transformation Summary:
No Unisim elements were transformed.

9 Infos, 0 Warnings, 0 Critical Warnings and 0 Errors encountered.
link_design completed successfully
link_design: Time (s): cpu = 00:00:08 ; elapsed = 00:00:12 . Memory (MB): peak = 728.707 ; gain = 358.426
Command: opt_design
Attempting to get a license for feature 'Implementation' and/or device 'xc7z020'
INFO: [Common 17-349] Got license for feature 'Implementation' and/or device 'xc7z020'
Running DRC as a precondition to command opt_design

Starting DRC Task
INFO: [DRC 23-27] Running DRC with 2 threads
INFO: [Project 1-461] DRC finished with 0 Errors
INFO: [Project 1-462] Please refer to the DRC report (report_drc) for more information.

Time (s): cpu = 00:00:01 ; elapsed = 00:00:00.689 . Memory (MB): peak = 741.176 ; gain = 12.469

Starting Cache Timing Information Task
INFO: [Timing 38-35] Done setting XDC timing constraints.
Ending Cache Timing Information Task | Checksum: 230430138

Time (s): cpu = 00:00:10 ; elapsed = 00:00:11 . Memory (MB): peak = 1297.285 ; gain = 556.109

Starting Logic Optimization Task

Phase 1 Generate And Synthesize Debug Cores
INFO: [Chipscope 16-329] Generating Script for core instance : dbg_hub 
INFO: [IP_Flow 19-3806] Processing IP xilinx.com:ip:xsdbm:3.0 for cell dbg_hub_CV.
INFO: [Chipscope 16-220] Re-using generated and synthesized IP, "xilinx.com:ip:xsdbm:3.0", from Vivado IP cache entry "020e4761bc5dcf22".
Netlist sorting complete. Time (s): cpu = 00:00:00 ; elapsed = 00:00:00.026 . Memory (MB): peak = 1409.457 ; gain = 0.000
Phase 1 Generate And Synthesize Debug Cores | Checksum: 24b029443

Time (s): cpu = 00:00:01 ; elapsed = 00:00:31 . Memory (MB): peak = 1409.457 ; gain = 14.676

Phase 2 Retarget
INFO: [Opt 31-138] Pushed 0 inverter(s) to 0 load pin(s).
INFO: [Opt 31-49] Retargeted 0 cell(s).
Phase 2 Retarget | Checksum: 177c5bb9e

Time (s): cpu = 00:00:01 ; elapsed = 00:00:31 . Memory (MB): peak = 1409.457 ; gain = 14.676
INFO: [Opt 31-389] Phase Retarget created 0 cells and removed 6 cells
INFO: [Opt 31-1021] In phase Retarget, 221 netlist objects are constrained preventing optimization. Please run opt_design with -debug_log to get more detail. 

Phase 3 Constant propagation
INFO: [Opt 31-138] Pushed 0 inverter(s) to 0 load pin(s).
Phase 3 Constant propagation | Checksum: 177c5bb9e

Time (s): cpu = 00:00:01 ; elapsed = 00:00:31 . Memory (MB): peak = 1409.457 ; gain = 14.676
INFO: [Opt 31-389] Phase Constant propagation created 0 cells and removed 0 cells
INFO: [Opt 31-1021] In phase Constant propagation, 208 netlist objects are constrained preventing optimization. Please run opt_design with -debug_log to get more detail. 

Phase 4 Sweep
Phase 4 Sweep | Checksum: 142b77d56

Time (s): cpu = 00:00:01 ; elapsed = 00:00:32 . Memory (MB): peak = 1409.457 ; gain = 14.676
INFO: [Opt 31-389] Phase Sweep created 0 cells and removed 0 cells
INFO: [Opt 31-1021] In phase Sweep, 1040 netlist objects are constrained preventing optimization. Please run opt_design with -debug_log to get more detail. 

Phase 5 BUFG optimization
Phase 5 BUFG optimization | Checksum: 142b77d56

Time (s): cpu = 00:00:01 ; elapsed = 00:00:32 . Memory (MB): peak = 1409.457 ; gain = 14.676
INFO: [Opt 31-662] Phase BUFG optimization created 0 cells of which 0 are BUFGs and removed 0 cells.

Phase 6 Shift Register Optimization
Phase 6 Shift Register Optimization | Checksum: 2dc1e7ea1

Time (s): cpu = 00:00:01 ; elapsed = 00:00:32 . Memory (MB): peak = 1409.457 ; gain = 14.676
INFO: [Opt 31-389] Phase Shift Register Optimization created 0 cells and removed 0 cells

Phase 7 Post Processing Netlist
Phase 7 Post Processing Netlist | Checksum: 2dc1e7ea1

Time (s): cpu = 00:00:01 ; elapsed = 00:00:32 . Memory (MB): peak = 1409.457 ; gain = 14.676
INFO: [Opt 31-389] Phase Post Processing Netlist created 0 cells and removed 0 cells
INFO: [Opt 31-1021] In phase Post Processing Netlist, 105 netlist objects are constrained preventing optimization. Please run opt_design with -debug_log to get more detail. 
Opt_design Change Summary
=========================


-------------------------------------------------------------------------------------------------------------------------
|  Phase                        |  #Cells created  |  #Cells Removed  |  #Constrained objects preventing optimizations  |
-------------------------------------------------------------------------------------------------------------------------
|  Retarget                     |               0  |               6  |                                            221  |
|  Constant propagation         |               0  |               0  |                                            208  |
|  Sweep                        |               0  |               0  |                                           1040  |
|  BUFG optimization            |               0  |               0  |                                              0  |
|  Shift Register Optimization  |               0  |               0  |                                              0  |
|  Post Processing Netlist      |               0  |               0  |                                            105  |
-------------------------------------------------------------------------------------------------------------------------



Starting Connectivity Check Task

Time (s): cpu = 00:00:00 ; elapsed = 00:00:00.012 . Memory (MB): peak = 1409.457 ; gain = 0.000
Ending Logic Optimization Task | Checksum: 2dc1e7ea1

Time (s): cpu = 00:00:01 ; elapsed = 00:00:32 . Memory (MB): peak = 1409.457 ; gain = 14.676

Starting Power Optimization Task
INFO: [Pwropt 34-132] Skipping clock gating for clocks with a period < 2.00 ns.
Ending Power Optimization Task | Checksum: 2dc1e7ea1

Time (s): cpu = 00:00:00 ; elapsed = 00:00:00.028 . Memory (MB): peak = 1409.457 ; gain = 0.000

Starting Final Cleanup Task
Ending Final Cleanup Task | Checksum: 2dc1e7ea1

Time (s): cpu = 00:00:00 ; elapsed = 00:00:00.005 . Memory (MB): peak = 1409.457 ; gain = 0.000

Starting Netlist Obfuscation Task
Netlist sorting complete. Time (s): cpu = 00:00:00 ; elapsed = 00:00:00.002 . Memory (MB): peak = 1409.457 ; gain = 0.000
Ending Netlist Obfuscation Task | Checksum: 2dc1e7ea1

Time (s): cpu = 00:00:00 ; elapsed = 00:00:00.012 . Memory (MB): peak = 1409.457 ; gain = 0.000
INFO: [Common 17-83] Releasing license: Implementation
35 Infos, 0 Warnings, 0 Critical Warnings and 0 Errors encountered.
opt_design completed successfully
opt_design: Time (s): cpu = 00:00:13 ; elapsed = 00:00:45 . Memory (MB): peak = 1409.457 ; gain = 680.750
Netlist sorting complete. Time (s): cpu = 00:00:00 ; elapsed = 00:00:00.002 . Memory (MB): peak = 1409.457 ; gain = 0.000
INFO: [Timing 38-480] Writing timing data to binary archive.
Writing placer database...
Writing XDEF routing.
Netlist sorting complete. Time (s): cpu = 00:00:00 ; elapsed = 00:00:00.001 . Memory (MB): peak = 1409.457 ; gain = 0.000
Writing XDEF routing logical nets.
Writing XDEF routing special nets.
Write XDEF Complete: Time (s): cpu = 00:00:01 ; elapsed = 00:00:01 . Memory (MB): peak = 1409.457 ; gain = 0.000
INFO: [Common 17-1381] The checkpoint 'Z:/Desktop/EECE2323/lab4proj/lab4proj.runs/impl_1/alu_regfile_vio_top_opt.dcp' has been generated.
INFO: [runtcl-4] Executing : report_drc -file alu_regfile_vio_top_drc_opted.rpt -pb alu_regfile_vio_top_drc_opted.pb -rpx alu_regfile_vio_top_drc_opted.rpx
Command: report_drc -file alu_regfile_vio_top_drc_opted.rpt -pb alu_regfile_vio_top_drc_opted.pb -rpx alu_regfile_vio_top_drc_opted.rpx
INFO: [IP_Flow 19-1839] IP Catalog is up to date.
INFO: [DRC 23-27] Running DRC with 2 threads
INFO: [Coretcl 2-168] The results of DRC are in file Z:/Desktop/EECE2323/lab4proj/lab4proj.runs/impl_1/alu_regfile_vio_top_drc_opted.rpt.
report_drc completed successfully
INFO: [Chipscope 16-240] Debug cores have already been implemented
Command: place_design
Attempting to get a license for feature 'Implementation' and/or device 'xc7z020'
INFO: [Common 17-349] Got license for feature 'Implementation' and/or device 'xc7z020'
INFO: [DRC 23-27] Running DRC with 2 threads
INFO: [Vivado_Tcl 4-198] DRC finished with 0 Errors
INFO: [Vivado_Tcl 4-199] Please refer to the DRC report (report_drc) for more information.
Running DRC as a precondition to command place_design
INFO: [DRC 23-27] Running DRC with 2 threads
INFO: [Vivado_Tcl 4-198] DRC finished with 0 Errors
INFO: [Vivado_Tcl 4-199] Please refer to the DRC report (report_drc) for more information.

Starting Placer Task
INFO: [Place 30-611] Multithreading enabled for place_design using a maximum of 2 CPUs

Phase 1 Placer Initialization

Phase 1.1 Placer Initialization Netlist Sorting
Netlist sorting complete. Time (s): cpu = 00:00:00 ; elapsed = 00:00:00.001 . Memory (MB): peak = 1409.457 ; gain = 0.000
Phase 1.1 Placer Initialization Netlist Sorting | Checksum: 1e1b34b8b

Time (s): cpu = 00:00:00 ; elapsed = 00:00:00.055 . Memory (MB): peak = 1409.457 ; gain = 0.000
Netlist sorting complete. Time (s): cpu = 00:00:00 ; elapsed = 00:00:00.001 . Memory (MB): peak = 1409.457 ; gain = 0.000

Phase 1.2 IO Placement/ Clock Placement/ Build Placer Device
INFO: [Timing 38-35] Done setting XDC timing constraints.
Phase 1.2 IO Placement/ Clock Placement/ Build Placer Device | Checksum: 1afcadf25

Time (s): cpu = 00:00:01 ; elapsed = 00:00:00.952 . Memory (MB): peak = 1409.457 ; gain = 0.000

Phase 1.3 Build Placer Netlist Model
Phase 1.3 Build Placer Netlist Model | Checksum: 258409835

Time (s): cpu = 00:00:01 ; elapsed = 00:00:02 . Memory (MB): peak = 1409.457 ; gain = 0.000

Phase 1.4 Constrain Clocks/Macros
Phase 1.4 Constrain Clocks/Macros | Checksum: 258409835

Time (s): cpu = 00:00:01 ; elapsed = 00:00:02 . Memory (MB): peak = 1409.457 ; gain = 0.000
Phase 1 Placer Initialization | Checksum: 258409835

Time (s): cpu = 00:00:01 ; elapsed = 00:00:02 . Memory (MB): peak = 1409.457 ; gain = 0.000

Phase 2 Global Placement

Phase 2.1 Floorplanning
Phase 2.1 Floorplanning | Checksum: 1e3240a4f

Time (s): cpu = 00:00:02 ; elapsed = 00:00:02 . Memory (MB): peak = 1409.457 ; gain = 0.000

Phase 2.2 Physical Synthesis In Placer
INFO: [Physopt 32-65] No nets found for high-fanout optimization.
INFO: [Physopt 32-232] Optimized 0 net. Created 0 new instance.
INFO: [Physopt 32-775] End 1 Pass. Optimized 0 net or cell. Created 0 new cell, deleted 0 existing cell and moved 0 existing cell
INFO: [Physopt 32-456] No candidate cells for DSP register optimization found in the design.
INFO: [Physopt 32-775] End 2 Pass. Optimized 0 net or cell. Created 0 new cell, deleted 0 existing cell and moved 0 existing cell
INFO: [Physopt 32-677] No candidate cells for Shift Register optimization found in the design
INFO: [Physopt 32-775] End 1 Pass. Optimized 0 net or cell. Created 0 new cell, deleted 0 existing cell and moved 0 existing cell
INFO: [Physopt 32-526] No candidate cells for BRAM register optimization found in the design
INFO: [Physopt 32-775] End 1 Pass. Optimized 0 net or cell. Created 0 new cell, deleted 0 existing cell and moved 0 existing cell
INFO: [Physopt 32-949] No candidate nets found for HD net replication
INFO: [Physopt 32-775] End 1 Pass. Optimized 0 net or cell. Created 0 new cell, deleted 0 existing cell and moved 0 existing cell
Netlist sorting complete. Time (s): cpu = 00:00:00 ; elapsed = 00:00:00.001 . Memory (MB): peak = 1409.457 ; gain = 0.000

Summary of Physical Synthesis Optimizations
============================================


----------------------------------------------------------------------------------------------------------------------------------------
|  Optimization                  |  Added Cells  |  Removed Cells  |  Optimized Cells/Nets  |  Dont Touch  |  Iterations  |  Elapsed   |
----------------------------------------------------------------------------------------------------------------------------------------
|  Very High Fanout              |            0  |              0  |                     0  |           0  |           1  |  00:00:00  |
|  DSP Register                  |            0  |              0  |                     0  |           0  |           1  |  00:00:00  |
|  Shift Register                |            0  |              0  |                     0  |           0  |           1  |  00:00:00  |
|  BRAM Register                 |            0  |              0  |                     0  |           0  |           1  |  00:00:00  |
|  HD Interface Net Replication  |            0  |              0  |                     0  |           0  |           1  |  00:00:00  |
|  Total                         |            0  |              0  |                     0  |           0  |           5  |  00:00:00  |
----------------------------------------------------------------------------------------------------------------------------------------


Phase 2.2 Physical Synthesis In Placer | Checksum: 20c021aa8

Time (s): cpu = 00:00:05 ; elapsed = 00:00:04 . Memory (MB): peak = 1409.457 ; gain = 0.000
Phase 2 Global Placement | Checksum: 24d7c24d2

Time (s): cpu = 00:00:05 ; elapsed = 00:00:04 . Memory (MB): peak = 1409.457 ; gain = 0.000

Phase 3 Detail Placement

Phase 3.1 Commit Multi Column Macros
Phase 3.1 Commit Multi Column Macros | Checksum: 24d7c24d2

Time (s): cpu = 00:00:05 ; elapsed = 00:00:04 . Memory (MB): peak = 1409.457 ; gain = 0.000

Phase 3.2 Commit Most Macros & LUTRAMs
Phase 3.2 Commit Most Macros & LUTRAMs | Checksum: 19252c317

Time (s): cpu = 00:00:06 ; elapsed = 00:00:04 . Memory (MB): peak = 1409.457 ; gain = 0.000

Phase 3.3 Area Swap Optimization
Phase 3.3 Area Swap Optimization | Checksum: 1a29e3d9f

Time (s): cpu = 00:00:06 ; elapsed = 00:00:04 . Memory (MB): peak = 1409.457 ; gain = 0.000

Phase 3.4 Pipeline Register Optimization
Phase 3.4 Pipeline Register Optimization | Checksum: 17b0c55fe

Time (s): cpu = 00:00:06 ; elapsed = 00:00:04 . Memory (MB): peak = 1409.457 ; gain = 0.000

Phase 3.5 Fast Optimization
Phase 3.5 Fast Optimization | Checksum: 1b39b87a5

Time (s): cpu = 00:00:06 ; elapsed = 00:00:05 . Memory (MB): peak = 1409.457 ; gain = 0.000

Phase 3.6 Small Shape Detail Placement
Phase 3.6 Small Shape Detail Placement | Checksum: 1c6ac826e

Time (s): cpu = 00:00:07 ; elapsed = 00:00:06 . Memory (MB): peak = 1409.457 ; gain = 0.000

Phase 3.7 Re-assign LUT pins
Phase 3.7 Re-assign LUT pins | Checksum: 230fbe750

Time (s): cpu = 00:00:07 ; elapsed = 00:00:06 . Memory (MB): peak = 1409.457 ; gain = 0.000

Phase 3.8 Pipeline Register Optimization
Phase 3.8 Pipeline Register Optimization | Checksum: 1dbc4a7de

Time (s): cpu = 00:00:07 ; elapsed = 00:00:06 . Memory (MB): peak = 1409.457 ; gain = 0.000

Phase 3.9 Fast Optimization
Phase 3.9 Fast Optimization | Checksum: 1abe2ed9c

Time (s): cpu = 00:00:08 ; elapsed = 00:00:06 . Memory (MB): peak = 1409.457 ; gain = 0.000
Phase 3 Detail Placement | Checksum: 1abe2ed9c

Time (s): cpu = 00:00:08 ; elapsed = 00:00:06 . Memory (MB): peak = 1409.457 ; gain = 0.000

Phase 4 Post Placement Optimization and Clean-Up

Phase 4.1 Post Commit Optimization
INFO: [Timing 38-35] Done setting XDC timing constraints.

Phase 4.1.1 Post Placement Optimization
Post Placement Optimization Initialization | Checksum: 1c34ace83

Phase 4.1.1.1 BUFG Insertion
INFO: [Place 46-46] BUFG insertion identified 0 candidate nets, 0 success, 0 bufg driver replicated, 0 skipped for placement/routing, 0 skipped for timing, 0 skipped for netlist change reason
Phase 4.1.1.1 BUFG Insertion | Checksum: 1c34ace83

Time (s): cpu = 00:00:08 ; elapsed = 00:00:07 . Memory (MB): peak = 1409.457 ; gain = 0.000
INFO: [Place 30-746] Post Placement Timing Summary WNS=0.546. For the most accurate timing information please run report_timing.
Phase 4.1.1 Post Placement Optimization | Checksum: 1ad4171dd

Time (s): cpu = 00:00:09 ; elapsed = 00:00:08 . Memory (MB): peak = 1409.457 ; gain = 0.000
Phase 4.1 Post Commit Optimization | Checksum: 1ad4171dd

Time (s): cpu = 00:00:09 ; elapsed = 00:00:08 . Memory (MB): peak = 1409.457 ; gain = 0.000

Phase 4.2 Post Placement Cleanup
Phase 4.2 Post Placement Cleanup | Checksum: 1ad4171dd

Time (s): cpu = 00:00:09 ; elapsed = 00:00:08 . Memory (MB): peak = 1409.457 ; gain = 0.000

Phase 4.3 Placer Reporting
Phase 4.3 Placer Reporting | Checksum: 1ad4171dd

Time (s): cpu = 00:00:09 ; elapsed = 00:00:08 . Memory (MB): peak = 1409.457 ; gain = 0.000

Phase 4.4 Final Placement Cleanup
Netlist sorting complete. Time (s): cpu = 00:00:00 ; elapsed = 00:00:00.001 . Memory (MB): peak = 1409.457 ; gain = 0.000
Phase 4.4 Final Placement Cleanup | Checksum: 1c243fdd6

Time (s): cpu = 00:00:09 ; elapsed = 00:00:08 . Memory (MB): peak = 1409.457 ; gain = 0.000
Phase 4 Post Placement Optimization and Clean-Up | Checksum: 1c243fdd6

Time (s): cpu = 00:00:09 ; elapsed = 00:00:08 . Memory (MB): peak = 1409.457 ; gain = 0.000
Ending Placer Task | Checksum: 1ae5de5fd

Time (s): cpu = 00:00:09 ; elapsed = 00:00:08 . Memory (MB): peak = 1409.457 ; gain = 0.000
INFO: [Common 17-83] Releasing license: Implementation
66 Infos, 0 Warnings, 0 Critical Warnings and 0 Errors encountered.
place_design completed successfully
place_design: Time (s): cpu = 00:00:11 ; elapsed = 00:00:09 . Memory (MB): peak = 1409.457 ; gain = 0.000
Netlist sorting complete. Time (s): cpu = 00:00:00 ; elapsed = 00:00:00.001 . Memory (MB): peak = 1409.457 ; gain = 0.000
INFO: [Timing 38-480] Writing timing data to binary archive.
Writing placer database...
Netlist sorting complete. Time (s): cpu = 00:00:00 ; elapsed = 00:00:00.001 . Memory (MB): peak = 1409.625 ; gain = 0.000
Writing XDEF routing.
Writing XDEF routing logical nets.
Writing XDEF routing special nets.
Write XDEF Complete: Time (s): cpu = 00:00:01 ; elapsed = 00:00:04 . Memory (MB): peak = 1409.625 ; gain = 0.168
INFO: [Common 17-1381] The checkpoint 'Z:/Desktop/EECE2323/lab4proj/lab4proj.runs/impl_1/alu_regfile_vio_top_placed.dcp' has been generated.
write_checkpoint: Time (s): cpu = 00:00:01 ; elapsed = 00:00:05 . Memory (MB): peak = 1409.625 ; gain = 0.168
INFO: [runtcl-4] Executing : report_io -file alu_regfile_vio_top_io_placed.rpt
report_io: Time (s): cpu = 00:00:00 ; elapsed = 00:00:00.133 . Memory (MB): peak = 1409.625 ; gain = 0.000
INFO: [runtcl-4] Executing : report_utilization -file alu_regfile_vio_top_utilization_placed.rpt -pb alu_regfile_vio_top_utilization_placed.pb
INFO: [runtcl-4] Executing : report_control_sets -verbose -file alu_regfile_vio_top_control_sets_placed.rpt
report_control_sets: Time (s): cpu = 00:00:00 ; elapsed = 00:00:00.052 . Memory (MB): peak = 1409.625 ; gain = 0.000
Command: route_design
Attempting to get a license for feature 'Implementation' and/or device 'xc7z020'
INFO: [Common 17-349] Got license for feature 'Implementation' and/or device 'xc7z020'
Running DRC as a precondition to command route_design
INFO: [DRC 23-27] Running DRC with 2 threads
INFO: [Vivado_Tcl 4-198] DRC finished with 0 Errors
INFO: [Vivado_Tcl 4-199] Please refer to the DRC report (report_drc) for more information.


Starting Routing Task
INFO: [Route 35-254] Multithreading enabled for route_design using a maximum of 2 CPUs
Checksum: PlaceDB: b153d2e1 ConstDB: 0 ShapeSum: fd0a131c RouteDB: 0

Phase 1 Build RT Design
Phase 1 Build RT Design | Checksum: 17605e258

Time (s): cpu = 00:00:32 ; elapsed = 00:00:28 . Memory (MB): peak = 1545.828 ; gain = 136.203
Post Restoration Checksum: NetGraph: edb484cb NumContArr: 88515d8d Constraints: 0 Timing: 0

Phase 2 Router Initialization

Phase 2.1 Create Timer
Phase 2.1 Create Timer | Checksum: 17605e258

Time (s): cpu = 00:00:32 ; elapsed = 00:00:28 . Memory (MB): peak = 1578.105 ; gain = 168.480

Phase 2.2 Fix Topology Constraints
Phase 2.2 Fix Topology Constraints | Checksum: 17605e258

Time (s): cpu = 00:00:32 ; elapsed = 00:00:28 . Memory (MB): peak = 1585.133 ; gain = 175.508

Phase 2.3 Pre Route Cleanup
Phase 2.3 Pre Route Cleanup | Checksum: 17605e258

Time (s): cpu = 00:00:32 ; elapsed = 00:00:28 . Memory (MB): peak = 1585.133 ; gain = 175.508
 Number of Nodes with overlaps = 0

Phase 2.4 Update Timing
Phase 2.4 Update Timing | Checksum: a2c93d29

Time (s): cpu = 00:00:33 ; elapsed = 00:00:29 . Memory (MB): peak = 1602.227 ; gain = 192.602
INFO: [Route 35-416] Intermediate Timing Summary | WNS=0.445  | TNS=0.000  | WHS=-0.155 | THS=-60.927|


Phase 2.5 Update Timing for Bus Skew

Phase 2.5.1 Update Timing
Phase 2.5.1 Update Timing | Checksum: 12e7a97f7

Time (s): cpu = 00:00:33 ; elapsed = 00:00:30 . Memory (MB): peak = 1602.227 ; gain = 192.602
INFO: [Route 35-416] Intermediate Timing Summary | WNS=0.445  | TNS=0.000  | WHS=N/A    | THS=N/A    |

Phase 2.5 Update Timing for Bus Skew | Checksum: 63dac2af

Time (s): cpu = 00:00:33 ; elapsed = 00:00:30 . Memory (MB): peak = 1609.438 ; gain = 199.813
Phase 2 Router Initialization | Checksum: d1700bcc

Time (s): cpu = 00:00:33 ; elapsed = 00:00:30 . Memory (MB): peak = 1609.438 ; gain = 199.813

Phase 3 Initial Routing
Phase 3 Initial Routing | Checksum: 24b8de981

Time (s): cpu = 00:00:34 ; elapsed = 00:00:30 . Memory (MB): peak = 1609.438 ; gain = 199.813

Phase 4 Rip-up And Reroute

Phase 4.1 Global Iteration 0
 Number of Nodes with overlaps = 188
 Number of Nodes with overlaps = 15
 Number of Nodes with overlaps = 3
 Number of Nodes with overlaps = 2
 Number of Nodes with overlaps = 0
INFO: [Route 35-416] Intermediate Timing Summary | WNS=0.535  | TNS=0.000  | WHS=N/A    | THS=N/A    |

Phase 4.1 Global Iteration 0 | Checksum: 17addd2df

Time (s): cpu = 00:00:35 ; elapsed = 00:00:31 . Memory (MB): peak = 1609.438 ; gain = 199.813
Phase 4 Rip-up And Reroute | Checksum: 17addd2df

Time (s): cpu = 00:00:35 ; elapsed = 00:00:31 . Memory (MB): peak = 1609.438 ; gain = 199.813

Phase 5 Delay and Skew Optimization

Phase 5.1 Delay CleanUp

Phase 5.1.1 Update Timing
Phase 5.1.1 Update Timing | Checksum: 134462cde

Time (s): cpu = 00:00:35 ; elapsed = 00:00:31 . Memory (MB): peak = 1609.438 ; gain = 199.813
INFO: [Route 35-416] Intermediate Timing Summary | WNS=0.684  | TNS=0.000  | WHS=N/A    | THS=N/A    |

Phase 5.1 Delay CleanUp | Checksum: 197db3abd

Time (s): cpu = 00:00:35 ; elapsed = 00:00:31 . Memory (MB): peak = 1609.438 ; gain = 199.813

Phase 5.2 Clock Skew Optimization
Phase 5.2 Clock Skew Optimization | Checksum: 197db3abd

Time (s): cpu = 00:00:35 ; elapsed = 00:00:31 . Memory (MB): peak = 1609.438 ; gain = 199.813
Phase 5 Delay and Skew Optimization | Checksum: 197db3abd

Time (s): cpu = 00:00:35 ; elapsed = 00:00:31 . Memory (MB): peak = 1609.438 ; gain = 199.813

Phase 6 Post Hold Fix

Phase 6.1 Hold Fix Iter

Phase 6.1.1 Update Timing
Phase 6.1.1 Update Timing | Checksum: 1a6d6ff71

Time (s): cpu = 00:00:35 ; elapsed = 00:00:31 . Memory (MB): peak = 1609.438 ; gain = 199.813
INFO: [Route 35-416] Intermediate Timing Summary | WNS=0.684  | TNS=0.000  | WHS=0.038  | THS=0.000  |

Phase 6.1 Hold Fix Iter | Checksum: 140f3291b

Time (s): cpu = 00:00:35 ; elapsed = 00:00:31 . Memory (MB): peak = 1609.438 ; gain = 199.813
Phase 6 Post Hold Fix | Checksum: 140f3291b

Time (s): cpu = 00:00:35 ; elapsed = 00:00:31 . Memory (MB): peak = 1609.438 ; gain = 199.813

Phase 7 Route finalize

Router Utilization Summary
  Global Vertical Routing Utilization    = 0.196541 %
  Global Horizontal Routing Utilization  = 0.251606 %
  Routable Net Status*
  *Does not include unroutable nets such as driverless and loadless.
  Run report_route_status for detailed report.
  Number of Failed Nets               = 0
  Number of Unrouted Nets             = 0
  Number of Partially Routed Nets     = 0
  Number of Node Overlaps             = 0

Phase 7 Route finalize | Checksum: 1b05cb4ae

Time (s): cpu = 00:00:35 ; elapsed = 00:00:31 . Memory (MB): peak = 1609.438 ; gain = 199.813

Phase 8 Verifying routed nets

 Verification completed successfully
Phase 8 Verifying routed nets | Checksum: 1b05cb4ae

Time (s): cpu = 00:00:35 ; elapsed = 00:00:31 . Memory (MB): peak = 1609.438 ; gain = 199.813

Phase 9 Depositing Routes
Phase 9 Depositing Routes | Checksum: 1b504a2b0

Time (s): cpu = 00:00:36 ; elapsed = 00:00:31 . Memory (MB): peak = 1609.438 ; gain = 199.813

Phase 10 Post Router Timing
INFO: [Route 35-57] Estimated Timing Summary | WNS=0.684  | TNS=0.000  | WHS=0.038  | THS=0.000  |

INFO: [Route 35-327] The final timing numbers are based on the router estimated timing analysis. For a complete and accurate timing signoff, please run report_timing_summary.
Phase 10 Post Router Timing | Checksum: 1b504a2b0

Time (s): cpu = 00:00:36 ; elapsed = 00:00:32 . Memory (MB): peak = 1609.438 ; gain = 199.813
INFO: [Route 35-16] Router Completed Successfully

Time (s): cpu = 00:00:36 ; elapsed = 00:00:32 . Memory (MB): peak = 1609.438 ; gain = 199.813

Routing Is Done.
INFO: [Common 17-83] Releasing license: Implementation
85 Infos, 0 Warnings, 0 Critical Warnings and 0 Errors encountered.
route_design completed successfully
route_design: Time (s): cpu = 00:00:38 ; elapsed = 00:00:33 . Memory (MB): peak = 1609.438 ; gain = 199.813
Netlist sorting complete. Time (s): cpu = 00:00:00 ; elapsed = 00:00:00.002 . Memory (MB): peak = 1609.438 ; gain = 0.000
INFO: [Timing 38-480] Writing timing data to binary archive.
Writing placer database...
Netlist sorting complete. Time (s): cpu = 00:00:00 ; elapsed = 00:00:00.001 . Memory (MB): peak = 1609.438 ; gain = 0.000
Writing XDEF routing.
Writing XDEF routing logical nets.
Writing XDEF routing special nets.
Write XDEF Complete: Time (s): cpu = 00:00:00 ; elapsed = 00:00:04 . Memory (MB): peak = 1609.438 ; gain = 0.000
INFO: [Common 17-1381] The checkpoint 'Z:/Desktop/EECE2323/lab4proj/lab4proj.runs/impl_1/alu_regfile_vio_top_routed.dcp' has been generated.
write_checkpoint: Time (s): cpu = 00:00:01 ; elapsed = 00:00:06 . Memory (MB): peak = 1609.438 ; gain = 0.000
INFO: [runtcl-4] Executing : report_drc -file alu_regfile_vio_top_drc_routed.rpt -pb alu_regfile_vio_top_drc_routed.pb -rpx alu_regfile_vio_top_drc_routed.rpx
Command: report_drc -file alu_regfile_vio_top_drc_routed.rpt -pb alu_regfile_vio_top_drc_routed.pb -rpx alu_regfile_vio_top_drc_routed.rpx
INFO: [IP_Flow 19-1839] IP Catalog is up to date.
INFO: [DRC 23-27] Running DRC with 2 threads
INFO: [Coretcl 2-168] The results of DRC are in file Z:/Desktop/EECE2323/lab4proj/lab4proj.runs/impl_1/alu_regfile_vio_top_drc_routed.rpt.
report_drc completed successfully
INFO: [runtcl-4] Executing : report_methodology -file alu_regfile_vio_top_methodology_drc_routed.rpt -pb alu_regfile_vio_top_methodology_drc_routed.pb -rpx alu_regfile_vio_top_methodology_drc_routed.rpx
Command: report_methodology -file alu_regfile_vio_top_methodology_drc_routed.rpt -pb alu_regfile_vio_top_methodology_drc_routed.pb -rpx alu_regfile_vio_top_methodology_drc_routed.rpx
INFO: [Timing 38-35] Done setting XDC timing constraints.
INFO: [DRC 23-133] Running Methodology with 2 threads
INFO: [Coretcl 2-1520] The results of Report Methodology are in file Z:/Desktop/EECE2323/lab4proj/lab4proj.runs/impl_1/alu_regfile_vio_top_methodology_drc_routed.rpt.
report_methodology completed successfully
INFO: [runtcl-4] Executing : report_power -file alu_regfile_vio_top_power_routed.rpt -pb alu_regfile_vio_top_power_summary_routed.pb -rpx alu_regfile_vio_top_power_routed.rpx
Command: report_power -file alu_regfile_vio_top_power_routed.rpt -pb alu_regfile_vio_top_power_summary_routed.pb -rpx alu_regfile_vio_top_power_routed.rpx
INFO: [Timing 38-35] Done setting XDC timing constraints.
Running Vector-less Activity Propagation...

Finished Running Vector-less Activity Propagation
97 Infos, 0 Warnings, 0 Critical Warnings and 0 Errors encountered.
report_power completed successfully
INFO: [runtcl-4] Executing : report_route_status -file alu_regfile_vio_top_route_status.rpt -pb alu_regfile_vio_top_route_status.pb
INFO: [runtcl-4] Executing : report_timing_summary -max_paths 10 -file alu_regfile_vio_top_timing_summary_routed.rpt -pb alu_regfile_vio_top_timing_summary_routed.pb -rpx alu_regfile_vio_top_timing_summary_routed.rpx -warn_on_violation 
INFO: [Timing 38-91] UpdateTimingParams: Speed grade: -1, Delay Type: min_max.
INFO: [Timing 38-191] Multithreading enabled for timing update using a maximum of 2 CPUs
WARNING: [Timing 38-436] There are set_bus_skew constraint(s) in this design. Please run report_bus_skew to ensure that bus skew requirements are met.
INFO: [runtcl-4] Executing : report_incremental_reuse -file alu_regfile_vio_top_incremental_reuse_routed.rpt
INFO: [Vivado_Tcl 4-1062] Incremental flow is disabled. No incremental reuse Info to report.
INFO: [runtcl-4] Executing : report_clock_utilization -file alu_regfile_vio_top_clock_utilization_routed.rpt
INFO: [runtcl-4] Executing : report_bus_skew -warn_on_violation -file alu_regfile_vio_top_bus_skew_routed.rpt -pb alu_regfile_vio_top_bus_skew_routed.pb -rpx alu_regfile_vio_top_bus_skew_routed.rpx
INFO: [Timing 38-91] UpdateTimingParams: Speed grade: -1, Delay Type: min_max.
INFO: [Timing 38-191] Multithreading enabled for timing update using a maximum of 2 CPUs
Command: write_bitstream -force alu_regfile_vio_top.bit
Attempting to get a license for feature 'Implementation' and/or device 'xc7z020'
INFO: [Common 17-349] Got license for feature 'Implementation' and/or device 'xc7z020'
Running DRC as a precondition to command write_bitstream
INFO: [IP_Flow 19-1839] IP Catalog is up to date.
INFO: [DRC 23-27] Running DRC with 2 threads
WARNING: [DRC RTSTAT-10] No routable loads: 19 net(s) have no routable loads. The problem bus(es) and/or net(s) are dbg_hub/inst/BSCANID.u_xsdbm_id/CORE_XSDB.UUT_MASTER/U_ICON_INTERFACE/U_CMD6_RD/U_RD_FIFO/SUBCORE_FIFO.xsdbm_v3_0_0_rdfifo_inst/inst_fifo_gen/gconvfifo.rf/grf.rf/gntv_or_sync_fifo.gl0.rd/gr1.gr1_int.rfwft/aempty_fwft_i, dbg_hub/inst/BSCANID.u_xsdbm_id/CORE_XSDB.UUT_MASTER/U_ICON_INTERFACE/U_CMD7_CTL/ctl_reg[2:0], dbg_hub/inst/BSCANID.u_xsdbm_id/CORE_XSDB.UUT_MASTER/U_ICON_INTERFACE/U_CMD1/ctl_reg_en_2[1], dbg_hub/inst/BSCANID.u_xsdbm_id/CORE_XSDB.UUT_MASTER/U_ICON_INTERFACE/U_CMD7_CTL/ctl_reg_en_2[1], dbg_hub/inst/BSCANID.u_xsdbm_id/SWITCH_N_EXT_BSCAN.bscan_switch/m_bscan_capture[0], dbg_hub/inst/BSCANID.u_xsdbm_id/SWITCH_N_EXT_BSCAN.bscan_switch/m_bscan_drck[0], dbg_hub/inst/BSCANID.u_xsdbm_id/SWITCH_N_EXT_BSCAN.bscan_switch/m_bscan_runtest[0], dbg_hub/inst/BSCANID.u_xsdbm_id/CORE_XSDB.UUT_MASTER/U_ICON_INTERFACE/U_CMD6_RD/U_RD_FIFO/SUBCORE_FIFO.xsdbm_v3_0_0_rdfifo_inst/inst_fifo_gen/gconvfifo.rf/grf.rf/gntv_or_sync_fifo.gl0.wr/gwhf.whf/overflow, dbg_hub/inst/BSCANID.u_xsdbm_id/CORE_XSDB.UUT_MASTER/U_ICON_INTERFACE/U_CMD6_WR/U_WR_FIFO/SUBCORE_FIFO.xsdbm_v3_0_0_wrfifo_inst/inst_fifo_gen/gconvfifo.rf/grf.rf/gntv_or_sync_fifo.gl0.wr/gwhf.whf/overflow, dbg_hub/inst/BSCANID.u_xsdbm_id/CORE_XSDB.UUT_MASTER/U_ICON_INTERFACE/U_CMD6_RD/U_RD_FIFO/SUBCORE_FIFO.xsdbm_v3_0_0_rdfifo_inst/inst_fifo_gen/gconvfifo.rf/grf.rf/gntv_or_sync_fifo.gl0.rd/gras.rsts/ram_empty_i, dbg_hub/inst/BSCANID.u_xsdbm_id/CORE_XSDB.UUT_MASTER/U_ICON_INTERFACE/U_CMD6_WR/U_WR_FIFO/SUBCORE_FIFO.xsdbm_v3_0_0_wrfifo_inst/inst_fifo_gen/gconvfifo.rf/grf.rf/gntv_or_sync_fifo.gl0.wr/gwas.wsts/ram_full_i, dbg_hub/inst/BSCANID.u_xsdbm_id/CORE_XSDB.UUT_MASTER/U_ICON_INTERFACE/U_CMD6_WR/U_WR_FIFO/SUBCORE_FIFO.xsdbm_v3_0_0_wrfifo_inst/inst_fifo_gen/gconvfifo.rf/grf.rf/rstblk/rd_rst_reg[0], dbg_hub/inst/BSCANID.u_xsdbm_id/SWITCH_N_EXT_BSCAN.bscan_inst/s_bscan_tms, dbg_hub/inst/BSCANID.u_xsdbm_id/CORE_XSDB.UUT_MASTER/U_ICON_INTERFACE/U_CMD6_RD/U_RD_FIFO/SUBCORE_FIFO.xsdbm_v3_0_0_rdfifo_inst/inst_fifo_gen/gconvfifo.rf/grf.rf/gntv_or_sync_fifo.gl0.rd/grhf.rhf/underflow, dbg_hub/inst/BSCANID.u_xsdbm_id/CORE_XSDB.UUT_MASTER/U_ICON_INTERFACE/U_CMD6_WR/U_WR_FIFO/SUBCORE_FIFO.xsdbm_v3_0_0_wrfifo_inst/inst_fifo_gen/gconvfifo.rf/grf.rf/gntv_or_sync_fifo.gl0.rd/grhf.rhf/underflow... and (the first 15 of 17 listed).
WARNING: [DRC ZPS7-1] PS7 block required: The PS7 cell must be used in this Zynq design in order to enable correct default configuration.
INFO: [Vivado 12-3199] DRC finished with 0 Errors, 2 Warnings
INFO: [Vivado 12-3200] Please refer to the DRC report (report_drc) for more information.
INFO: [Designutils 20-2272] Running write_bitstream with 2 threads.
Loading data files...
Loading site data...
Loading route data...
Processing options...
Creating bitmap...
Creating bitstream...
Writing bitstream ./alu_regfile_vio_top.bit...
INFO: [Vivado 12-1842] Bitgen Completed Successfully.
INFO: [Project 1-120] WebTalk data collection is mandatory when using a WebPACK part without a full Vivado license. To see the specific WebTalk data collected for your design, open the usage_statistics_webtalk.html or usage_statistics_webtalk.xml file in the implementation directory.
INFO: [Common 17-83] Releasing license: Implementation
116 Infos, 3 Warnings, 0 Critical Warnings and 0 Errors encountered.
write_bitstream completed successfully
write_bitstream: Time (s): cpu = 00:00:17 ; elapsed = 00:00:22 . Memory (MB): peak = 2047.160 ; gain = 420.082
INFO: [Common 17-206] Exiting Vivado at Thu Nov  5 07:27:41 2020...
