#-----------------------------------------------------------
# Vivado v2018.3 (64-bit)
# SW Build 2405991 on Thu Dec  6 23:38:27 MST 2018
# IP Build 2404404 on Fri Dec  7 01:43:56 MST 2018
# Start of session at: Sun Oct 11 22:00:55 2020
# Process ID: 4528
# Current directory: Z:/Desktop/EECE2323/lab3proj5
# Command line: vivado.exe -gui_launcher_event rodinguilauncherevent3716 Z:\Desktop\EECE2323\lab3proj5\lab3proj5.xpr
# Log file: Z:/Desktop/EECE2323/lab3proj5/vivado.log
# Journal file: Z:/Desktop/EECE2323/lab3proj5\vivado.jou
#-----------------------------------------------------------
start_gui
open_project Z:/Desktop/EECE2323/lab3proj5/lab3proj5.xpr
Scanning sources...
Finished scanning sources
INFO: [IP_Flow 19-234] Refreshing IP repositories
INFO: [IP_Flow 19-1704] No user IP repositories specified
INFO: [IP_Flow 19-2313] Loaded Vivado IP repository 'C:/Xilinx/Vivado/2018.3/data/ip'.
open_project: Time (s): cpu = 00:00:29 ; elapsed = 00:00:27 . Memory (MB): peak = 885.160 ; gain = 299.367
update_compile_order -fileset sources_1
open_hw
