#-----------------------------------------------------------
# Vivado v2018.3 (64-bit)
# SW Build 2405991 on Thu Dec  6 23:38:27 MST 2018
# IP Build 2404404 on Fri Dec  7 01:43:56 MST 2018
# Start of session at: Thu Nov  5 06:14:54 2020
# Process ID: 6532
# Current directory: Z:/Desktop/EECE2323/lab4proj
# Command line: vivado.exe -gui_launcher_event rodinguilauncherevent5640 Z:\Desktop\EECE2323\lab4proj\lab4proj.xpr
# Log file: Z:/Desktop/EECE2323/lab4proj/vivado.log
# Journal file: Z:/Desktop/EECE2323/lab4proj\vivado.jou
#-----------------------------------------------------------
start_gui
open_project Z:/Desktop/EECE2323/lab4proj/lab4proj.xpr
Scanning sources...
Finished scanning sources
INFO: [IP_Flow 19-234] Refreshing IP repositories
INFO: [IP_Flow 19-1704] No user IP repositories specified
INFO: [IP_Flow 19-2313] Loaded Vivado IP repository 'C:/Xilinx/Vivado/2018.3/data/ip'.
open_project: Time (s): cpu = 00:00:16 ; elapsed = 00:00:12 . Memory (MB): peak = 749.117 ; gain = 150.363
update_compile_order -fileset sources_1
